[1.163s] Invoking command in '/home/robot/dd2419_ws/src/build/usb_cam': CMAKE_PREFIX_PATH=${CMAKE_PREFIX_PATH}:/home/robot/dd2419_ws/install/robp_launch:/home/robot/dd2419_ws/install/robot_odometry:/home/robot/dd2419_ws/install/pickup:/home/robot/dd2419_ws/install/odometry:/home/robot/dd2419_ws/install/lidar:/home/robot/dd2419_ws/install/display:/home/robot/dd2419_ws/install/detection:/home/robot/dd2419_ws/install/controller:/home/robot/dd2419_ws/install/arm_servos_pubs_subs:/opt/ros/jazzy DEBUGINFOD_URLS=https://debuginfod.ubuntu.com /usr/bin/cmake /home/robot/dd2419_ws/src/robp_robot/usb_cam -DCMAKE_INSTALL_PREFIX=/home/robot/dd2419_ws/src/install/usb_cam
[1.212s] -- The C compiler identification is GNU 13.3.0
[1.268s] -- The CXX compiler identification is GNU 13.3.0
[1.289s] -- Detecting C compiler ABI info
[1.368s] -- Detecting C compiler ABI info - done
[1.378s] -- Check for working C compiler: /usr/bin/cc - skipped
[1.379s] -- Detecting C compile features
[1.379s] -- Detecting C compile features - done
[1.387s] -- Detecting CXX compiler ABI info
[1.455s] -- Detecting CXX compiler ABI info - done
[1.464s] -- Check for working CXX compiler: /usr/bin/c++ - skipped
[1.464s] -- Detecting CXX compile features
[1.465s] -- Detecting CXX compile features - done
[1.469s] -- Found ament_cmake_auto: 2.5.3 (/opt/ros/jazzy/share/ament_cmake_auto/cmake)
[1.593s] -- Found Python3: /usr/bin/python3 (found version "3.12.3") found components: Interpreter 
[1.862s] -- Found rosidl_generator_c: 4.6.5 (/opt/ros/jazzy/share/rosidl_generator_c/cmake)
[1.879s] -- Found rosidl_generator_cpp: 4.6.5 (/opt/ros/jazzy/share/rosidl_generator_cpp/cmake)
[1.901s] -- Using all available rosidl_typesupport_c: rosidl_typesupport_fastrtps_c;rosidl_typesupport_introspection_c
[1.925s] -- Using all available rosidl_typesupport_cpp: rosidl_typesupport_fastrtps_cpp;rosidl_typesupport_introspection_cpp
[2.003s] -- Found rmw_implementation_cmake: 7.3.1 (/opt/ros/jazzy/share/rmw_implementation_cmake/cmake)
[2.007s] -- Found rmw_fastrtps_cpp: 8.4.1 (/opt/ros/jazzy/share/rmw_fastrtps_cpp/cmake)
[2.138s] -- Found OpenSSL: /usr/lib/x86_64-linux-gnu/libcrypto.so (found version "3.0.13")  
[2.160s] -- Found FastRTPS: /opt/ros/jazzy/include (Required is at least version "2.13") 
[2.186s] -- Using RMW implementation 'rmw_fastrtps_cpp' as default
[2.680s] -- Found rosidl_adapter: 4.6.5 (/opt/ros/jazzy/share/rosidl_adapter/cmake)
[2.706s] -- Found OpenCV: /usr (found version "4.6.0") 
[2.715s] -- Found PkgConfig: /usr/bin/pkg-config (found version "1.8.1") 
[2.719s] -- Checking for module 'libavcodec'
[2.751s] --   Found libavcodec, version 60.31.102
[2.800s] -- Checking for module 'libavutil'
[2.849s] --   Found libavutil, version 58.29.100
[2.900s] -- Checking for module 'libswscale'
[2.940s] --   Found libswscale, version 7.5.100
[3.027s] -- Found ament_lint_auto: 0.17.1 (/opt/ros/jazzy/share/ament_lint_auto/cmake)
[3.111s] -- Found gtest sources under '/opt/ros/jazzy/src/gtest_vendor': C++ tests using 'Google Test' will be built
[3.115s] -- Performing Test CMAKE_HAVE_LIBC_PTHREAD
[3.286s] -- Performing Test CMAKE_HAVE_LIBC_PTHREAD - Success
[3.286s] -- Found Threads: TRUE  
[3.302s] -- Added test 'copyright' to check source files copyright and LICENSE
[3.317s] -- Added test 'cppcheck' to perform static code analysis on C / C++ code
[3.317s] -- Configured cppcheck include dirs: /home/robot/dd2419_ws/src/robp_robot/usb_cam/include
[3.317s] -- Configured cppcheck exclude dirs and/or files: 
[3.325s] -- Added test 'cpplint' to check C / C++ code against the Google style
[3.325s] -- Configured cpplint exclude dirs and/or files: 
[3.325s] -- Added test 'flake8' to check Python code syntax and style conventions
[3.326s] -- Configured 'flake8' exclude dirs and/or files: 
[3.331s] -- Added test 'lint_cmake' to check CMake code style
[3.332s] -- Added test 'pep257' to check Python code against some of the docstring style conventions in PEP 257
[3.336s] -- Added test 'uncrustify' to check C / C++ code style
[3.336s] -- Configured uncrustify additional arguments: 
[3.337s] -- Added test 'xmllint' to check XML markup files
[3.346s] -- Configuring done (2.2s)
[3.395s] -- Generating done (0.0s)
[3.405s] -- Build files have been written to: /home/robot/dd2419_ws/src/build/usb_cam
[3.429s] Invoked command in '/home/robot/dd2419_ws/src/build/usb_cam' returned '0': CMAKE_PREFIX_PATH=${CMAKE_PREFIX_PATH}:/home/robot/dd2419_ws/install/robp_launch:/home/robot/dd2419_ws/install/robot_odometry:/home/robot/dd2419_ws/install/pickup:/home/robot/dd2419_ws/install/odometry:/home/robot/dd2419_ws/install/lidar:/home/robot/dd2419_ws/install/display:/home/robot/dd2419_ws/install/detection:/home/robot/dd2419_ws/install/controller:/home/robot/dd2419_ws/install/arm_servos_pubs_subs:/opt/ros/jazzy DEBUGINFOD_URLS=https://debuginfod.ubuntu.com /usr/bin/cmake /home/robot/dd2419_ws/src/robp_robot/usb_cam -DCMAKE_INSTALL_PREFIX=/home/robot/dd2419_ws/src/install/usb_cam
[3.429s] Invoking command in '/home/robot/dd2419_ws/src/build/usb_cam': CMAKE_PREFIX_PATH=${CMAKE_PREFIX_PATH}:/home/robot/dd2419_ws/install/robp_launch:/home/robot/dd2419_ws/install/robot_odometry:/home/robot/dd2419_ws/install/pickup:/home/robot/dd2419_ws/install/odometry:/home/robot/dd2419_ws/install/lidar:/home/robot/dd2419_ws/install/display:/home/robot/dd2419_ws/install/detection:/home/robot/dd2419_ws/install/controller:/home/robot/dd2419_ws/install/arm_servos_pubs_subs:/opt/ros/jazzy DEBUGINFOD_URLS=https://debuginfod.ubuntu.com /usr/bin/cmake --build /home/robot/dd2419_ws/src/build/usb_cam -- -j12 -l12
[3.539s] [  7%] [32mBuilding CXX object CMakeFiles/usb_cam.dir/src/usb_cam.cpp.o[0m
[3.543s] [ 14%] [32mBuilding CXX object gtest/CMakeFiles/gtest_main.dir/src/gtest_main.cc.o[0m
[3.550s] [ 21%] [32mBuilding CXX object gtest/CMakeFiles/gtest.dir/src/gtest-all.cc.o[0m
[3.558s] [ 28%] [32mBuilding CXX object CMakeFiles/usb_cam_node_exe.dir/rclcpp_components/node_main_usb_cam_node_exe.cpp.o[0m
[4.471s] [ 35%] [32m[1mLinking CXX static library libgtest_main.a[0m
[4.560s] [ 35%] Built target gtest_main
[5.470s] [ 42%] [32m[1mLinking CXX shared library libusb_cam.so[0m
[5.602s] [ 42%] Built target usb_cam
[5.617s] [ 50%] [32mBuilding CXX object CMakeFiles/usb_cam_node.dir/src/usb_cam_node.cpp.o[0m
[5.705s] In file included from [01m[K/home/robot/dd2419_ws/src/robp_robot/usb_cam/src/usb_cam_node.cpp:34[m[K:
[5.705s] [01m[K/home/robot/dd2419_ws/src/robp_robot/usb_cam/include/usb_cam/usb_cam_node.hpp:38:10:[m[K [01;31m[Kfatal error: [m[Kcamera_info_manager/camera_info_manager.hpp: No such file or directory
[5.705s]    38 | #include [01;31m[K"camera_info_manager/camera_info_manager.hpp"[m[K
[5.705s]       |          [01;31m[K^~~~~~~~~~~~~~~~~~~~~~~~~~~~~~~~~~~~~~~~~~~~~[m[K
[5.705s] compilation terminated.
[5.706s] gmake[2]: *** [CMakeFiles/usb_cam_node.dir/build.make:76: CMakeFiles/usb_cam_node.dir/src/usb_cam_node.cpp.o] Error 1
[5.706s] gmake[1]: *** [CMakeFiles/Makefile2:189: CMakeFiles/usb_cam_node.dir/all] Error 2
[5.706s] gmake[1]: *** Waiting for unfinished jobs....
[6.255s] [ 57%] [32m[1mLinking CXX executable usb_cam_node_exe[0m
[6.520s] [ 57%] Built target usb_cam_node_exe
[7.081s] [ 64%] [32m[1mLinking CXX static library libgtest.a[0m
[7.253s] [ 64%] Built target gtest
[7.254s] gmake: *** [Makefile:146: all] Error 2
[7.256s] Invoked command in '/home/robot/dd2419_ws/src/build/usb_cam' returned '2': CMAKE_PREFIX_PATH=${CMAKE_PREFIX_PATH}:/home/robot/dd2419_ws/install/robp_launch:/home/robot/dd2419_ws/install/robot_odometry:/home/robot/dd2419_ws/install/pickup:/home/robot/dd2419_ws/install/odometry:/home/robot/dd2419_ws/install/lidar:/home/robot/dd2419_ws/install/display:/home/robot/dd2419_ws/install/detection:/home/robot/dd2419_ws/install/controller:/home/robot/dd2419_ws/install/arm_servos_pubs_subs:/opt/ros/jazzy DEBUGINFOD_URLS=https://debuginfod.ubuntu.com /usr/bin/cmake --build /home/robot/dd2419_ws/src/build/usb_cam -- -j12 -l12
