[0.324s] Invoking command in '/home/group1/dd2419_ws/build/drive_base_msgs': CMAKE_PREFIX_PATH=${CMAKE_PREFIX_PATH}:/home/group1/dd2419_ws/install/robp_launch:/home/group1/dd2419_ws/install/robot_odometry:/home/group1/dd2419_ws/install/pickup:/home/group1/dd2419_ws/install/arm_servos_pubs_subs:/opt/ros/jazzy DEBUGINFOD_URLS=https://debuginfod.ubuntu.com /usr/bin/cmake --build /home/group1/dd2419_ws/build/drive_base_msgs -- -j8 -l8
[0.603s] [  1%] Built target drive_base_msgs__rosidl_generator_type_description
[0.603s] [  3%] Built target drive_base_msgs__cpp
[0.603s] [ 25%] Built target drive_base_msgs__rosidl_generator_c
[0.603s] failed to create symbolic link '/home/group1/dd2419_ws/build/drive_base_msgs/ament_cmake_python/drive_base_msgs/drive_base_msgs' because existing path cannot be removed: Is a directory
[0.603s] gmake[2]: *** [CMakeFiles/ament_cmake_python_symlink_drive_base_msgs.dir/build.make:70: CMakeFiles/ament_cmake_python_symlink_drive_base_msgs] Error 1
[0.604s] gmake[1]: *** [CMakeFiles/Makefile2:452: CMakeFiles/ament_cmake_python_symlink_drive_base_msgs.dir/all] Error 2
[0.604s] gmake[1]: *** Waiting for unfinished jobs....
[0.604s] gmake: *** [Makefile:146: all] Error 2
[0.887s] Invoked command in '/home/group1/dd2419_ws/build/drive_base_msgs' returned '2': CMAKE_PREFIX_PATH=${CMAKE_PREFIX_PATH}:/home/group1/dd2419_ws/install/robp_launch:/home/group1/dd2419_ws/install/robot_odometry:/home/group1/dd2419_ws/install/pickup:/home/group1/dd2419_ws/install/arm_servos_pubs_subs:/opt/ros/jazzy DEBUGINFOD_URLS=https://debuginfod.ubuntu.com /usr/bin/cmake --build /home/group1/dd2419_ws/build/drive_base_msgs -- -j8 -l8
